<?xml version="1.0" encoding="UTF-8"?>
<testng-results skipped="0" failed="0" ignored="0" total="1" passed="1">
  <reporter-output>
  </reporter-output>
  <suite name="Surefire suite" duration-ms="18798" started-at="2020-10-25T09:39:48Z" finished-at="2020-10-25T09:40:07Z">
    <groups>
    </groups>
    <test name="Surefire test" duration-ms="18798" started-at="2020-10-25T09:39:48Z" finished-at="2020-10-25T09:40:07Z">
      <class name="com.ravikiran.CukesProject.AppTest">
        <test-method status="PASS" signature="testApp()" name="testApp" duration-ms="3" started-at="2020-10-25T09:40:07Z" finished-at="2020-10-25T09:40:07Z">
          <reporter-output>
          </reporter-output>
        </test-method> <!-- testApp -->
      </class> <!-- com.ravikiran.CukesProject.AppTest -->
    </test> <!-- Surefire test -->
  </suite> <!-- Surefire suite -->
</testng-results>
